Using pre-set license
Built from '2020.2/release' branch; Version is '2020.2.1f1 (270dd8c3da1c) revision 2559448'; Using compiler version '192528614'; Build Type 'Release'
OS: 'Windows 10  (10.0.0) 64bit' Language: 'en' Physical Memory: 16332 MB
BatchMode: 1, IsHumanControllingUs: 0, StartBugReporterOnCrash: 0, Is64bit: 1, IsPro: 0

 COMMAND LINE ARGUMENTS:
C:\Program Files\Unity\Hub\Editor\2020.2.1f1\Editor\Unity.exe
-adb2
-batchMode
-noUpm
-name
AssetImportWorker0
-projectPath
C:/src/quatrain
-logFile
Logs/AssetImportWorker0.log
-srvPort
56103
Successfully changed project path to: C:/src/quatrain
C:/src/quatrain
Using Asset Import Pipeline V2.
Refreshing native plugins compatible for Editor in 59.00 ms, found 1 plugins.
Preloading 0 native plugins for Editor in 0.00 ms.
Initialize engine version: 2020.2.1f1 (270dd8c3da1c)
[Subsystems] Discovering subsystems at path C:/Program Files/Unity/Hub/Editor/2020.2.1f1/Editor/Data/Resources/UnitySubsystems
[Subsystems] Discovering subsystems at path C:/src/quatrain/Assets
GfxDevice: creating device client; threaded=0
Direct3D:
    Version:  Direct3D 11.0 [level 11.1]
    Renderer: AMD Radeon RX 5700 (ID=0x731f)
    Vendor:   
    VRAM:     8152 MB
    Driver:   27.20.14501.28009
Shader 'Universal Render Pipeline/Particles/Lit': fallback shader 'Universal Render Pipeline/Particles/SimpleLit' not found
Initialize mono
Mono path[0] = 'C:/Program Files/Unity/Hub/Editor/2020.2.1f1/Editor/Data/Managed'
Mono path[1] = 'C:/Program Files/Unity/Hub/Editor/2020.2.1f1/Editor/Data/MonoBleedingEdge/lib/mono/unityjit'
Mono config path = 'C:/Program Files/Unity/Hub/Editor/2020.2.1f1/Editor/Data/MonoBleedingEdge/etc'
Using monoOptions --debugger-agent=transport=dt_socket,embedding=1,server=y,suspend=n,address=127.0.0.1:56560
Begin MonoManager ReloadAssembly
Registering precompiled unity dll's ...
Register platform support module: C:/Program Files/Unity/Hub/Editor/2020.2.1f1/Editor/Data/PlaybackEngines/WindowsStandaloneSupport/UnityEditor.WindowsStandalone.Extensions.dll
Registered in 0.001251 seconds.
Native extension for WindowsStandalone target not found
Refreshing native plugins compatible for Editor in 56.94 ms, found 1 plugins.
Preloading 0 native plugins for Editor in 0.00 ms.
Invoked RoslynAnalysisRunner static constructor.
RoslynAnalysisRunner will not be running.
RoslynAnalysisRunner has terminated.
Mono: successfully reloaded assembly
- Completed reload, in  1.256 seconds
Platform modules already initialized, skipping
Registering precompiled user dll's ...
Registered in 0.003746 seconds.
Begin MonoManager ReloadAssembly
Native extension for WindowsStandalone target not found
Refreshing native plugins compatible for Editor in 58.08 ms, found 1 plugins.
Preloading 0 native plugins for Editor in 0.00 ms.
TypeManager.Initialize took: 129ms
Invoked RoslynAnalysisRunner static constructor.
RoslynAnalysisRunner will not be running.
RoslynAnalysisRunner has terminated.
Mono: successfully reloaded assembly
- Completed reload, in  1.768 seconds
Platform modules already initialized, skipping
========================================================================
Worker process is ready to serve import requests
Shader 'Universal Render Pipeline/Particles/Lit': fallback shader 'Universal Render Pipeline/Particles/SimpleLit' not found
Launched and connected shader compiler UnityShaderCompiler.exe after 0.02 seconds
Refreshing native plugins compatible for Editor in 0.76 ms, found 1 plugins.
Preloading 0 native plugins for Editor in 0.00 ms.
Unloading 4092 Unused Serialized files (Serialized files now loaded: 0)
System memory in use before: 170.6 MB.
System memory in use after: 170.9 MB.

Unloading 24 unused Assets to reduce memory usage. Loaded Objects now: 4527.
Total: 3.934300 ms (FindLiveObjects: 0.579000 ms CreateObjectMapping: 0.105600 ms MarkObjects: 3.180600 ms  DeleteObjects: 0.067800 ms)

========================================================================
Received Import Request.
  path: Assets/MyPostProcess.asset
  artifactKey: Guid(920badec03fc98244a1befc3baa40021) Importer(815301076,1909f56bfc062723c751e8b465ee728b)
Start importing Assets/MyPostProcess.asset using Guid(920badec03fc98244a1befc3baa40021) Importer(815301076,1909f56bfc062723c751e8b465ee728b)  -> (artifact id: '062fac3b2f92a0d487d5aa90cf47a9cb') in 0.025424 seconds
  Import took 0.031260 seconds .

========================================================================
Received Import Request.
  Time since last request: 0.000478 seconds.
  path: Assets/URP_Asset.asset
  artifactKey: Guid(37798e28b9479764a9bb2f2c2c70bc16) Importer(815301076,1909f56bfc062723c751e8b465ee728b)
Start importing Assets/URP_Asset.asset using Guid(37798e28b9479764a9bb2f2c2c70bc16) Importer(815301076,1909f56bfc062723c751e8b465ee728b)  -> (artifact id: 'ade69ee2a8895593f82ded716114bb73') in 0.005550 seconds
  Import took 0.010118 seconds .

========================================================================
Received Import Request.
  Time since last request: 0.000125 seconds.
  path: Assets/Autobusbold.ttf
  artifactKey: Guid(4ce20abda7cffb3499071d601e79a88a) Importer(815301076,1909f56bfc062723c751e8b465ee728b)
Start importing Assets/Autobusbold.ttf using Guid(4ce20abda7cffb3499071d601e79a88a) Importer(815301076,1909f56bfc062723c751e8b465ee728b)  -> (artifact id: '39e3f16a2bf30549ba03f7c3b2108f3a') in 0.188722 seconds
  Import took 0.194240 seconds .

========================================================================
Received Import Request.
  Time since last request: 0.000166 seconds.
  path: Assets/URP_Asset_Renderer.asset
  artifactKey: Guid(727c4c68f3894a540938d632e17e8776) Importer(815301076,1909f56bfc062723c751e8b465ee728b)
Start importing Assets/URP_Asset_Renderer.asset using Guid(727c4c68f3894a540938d632e17e8776) Importer(815301076,1909f56bfc062723c751e8b465ee728b)  -> (artifact id: 'fd641939dd99f7f1a1ce6b88d1cf414e') in 0.006368 seconds
  Import took 0.011484 seconds .

========================================================================
Received Import Request.
  Time since last request: 0.000124 seconds.
  path: Assets/HybridRendererSettings.asset
  artifactKey: Guid(2428c03873dc2f741b63b4639fe63ef1) Importer(815301076,1909f56bfc062723c751e8b465ee728b)
Start importing Assets/HybridRendererSettings.asset using Guid(2428c03873dc2f741b63b4639fe63ef1) Importer(815301076,1909f56bfc062723c751e8b465ee728b)  -> (artifact id: '140ca905985ecbf6d2823865a07ce4d2') in 0.005624 seconds
  Import took 0.010665 seconds .

========================================================================
Received Import Request.
  Time since last request: 9.372343 seconds.
  path: Assets/URP_Asset_Renderer.asset
  artifactKey: Guid(727c4c68f3894a540938d632e17e8776) Importer(815301076,1909f56bfc062723c751e8b465ee728b)
Start importing Assets/URP_Asset_Renderer.asset using Guid(727c4c68f3894a540938d632e17e8776) Importer(815301076,1909f56bfc062723c751e8b465ee728b)  -> (artifact id: 'dd38701c9bca94ac0dfc81b888d3019f') in 0.003378 seconds
  Import took 0.009380 seconds .

========================================================================
Received Import Request.
  Time since last request: 0.030433 seconds.
  path: Assets/URP_Asset_Renderer.asset
  artifactKey: Guid(727c4c68f3894a540938d632e17e8776) Importer(815301076,1909f56bfc062723c751e8b465ee728b)
Start importing Assets/URP_Asset_Renderer.asset using Guid(727c4c68f3894a540938d632e17e8776) Importer(815301076,1909f56bfc062723c751e8b465ee728b)  -> (artifact id: 'dd38701c9bca94ac0dfc81b888d3019f') in 0.003439 seconds
  Import took 0.009584 seconds .

========================================================================
Received Prepare
Registering precompiled user dll's ...
Registered in 0.004275 seconds.
Begin MonoManager ReloadAssembly
Native extension for WindowsStandalone target not found
Refreshing native plugins compatible for Editor in 0.74 ms, found 1 plugins.
Preloading 0 native plugins for Editor in 0.00 ms.
TypeManager.Initialize took: 123ms
Invoked RoslynAnalysisRunner static constructor.
RoslynAnalysisRunner will not be running.
RoslynAnalysisRunner has terminated.
Mono: successfully reloaded assembly
- Completed reload, in  1.281 seconds
Platform modules already initialized, skipping
Shader 'Universal Render Pipeline/Particles/Lit': fallback shader 'Universal Render Pipeline/Particles/SimpleLit' not found
Refreshing native plugins compatible for Editor in 0.75 ms, found 1 plugins.
Preloading 0 native plugins for Editor in 0.00 ms.
Unloading 3986 Unused Serialized files (Serialized files now loaded: 0)
System memory in use before: 171.1 MB.
System memory in use after: 171.3 MB.

Unloading 18 unused Assets to reduce memory usage. Loaded Objects now: 4618.
Total: 3.830300 ms (FindLiveObjects: 0.413300 ms CreateObjectMapping: 0.104100 ms MarkObjects: 3.282900 ms  DeleteObjects: 0.029200 ms)

========================================================================
Received Prepare
Registering precompiled user dll's ...
Registered in 0.004181 seconds.
Begin MonoManager ReloadAssembly
Native extension for WindowsStandalone target not found
Refreshing native plugins compatible for Editor in 0.74 ms, found 1 plugins.
Preloading 0 native plugins for Editor in 0.00 ms.
TypeManager.Initialize took: 123ms
Invoked RoslynAnalysisRunner static constructor.
RoslynAnalysisRunner will not be running.
RoslynAnalysisRunner has terminated.
Mono: successfully reloaded assembly
- Completed reload, in  1.266 seconds
Platform modules already initialized, skipping
Shader 'Universal Render Pipeline/Particles/Lit': fallback shader 'Universal Render Pipeline/Particles/SimpleLit' not found
Refreshing native plugins compatible for Editor in 0.73 ms, found 1 plugins.
Preloading 0 native plugins for Editor in 0.00 ms.
Unloading 3990 Unused Serialized files (Serialized files now loaded: 0)
System memory in use before: 171.9 MB.
System memory in use after: 172.1 MB.

Unloading 18 unused Assets to reduce memory usage. Loaded Objects now: 4629.
Total: 4.402200 ms (FindLiveObjects: 0.442800 ms CreateObjectMapping: 0.108800 ms MarkObjects: 3.818400 ms  DeleteObjects: 0.031100 ms)

========================================================================
Received Prepare
Registering precompiled user dll's ...
Registered in 0.004100 seconds.
Begin MonoManager ReloadAssembly
Native extension for WindowsStandalone target not found
Refreshing native plugins compatible for Editor in 0.88 ms, found 1 plugins.
Preloading 0 native plugins for Editor in 0.00 ms.
TypeManager.Initialize took: 125ms
Invoked RoslynAnalysisRunner static constructor.
RoslynAnalysisRunner will not be running.
RoslynAnalysisRunner has terminated.
Mono: successfully reloaded assembly
- Completed reload, in  1.341 seconds
Platform modules already initialized, skipping
Shader 'Universal Render Pipeline/Particles/Lit': fallback shader 'Universal Render Pipeline/Particles/SimpleLit' not found
Refreshing native plugins compatible for Editor in 1.35 ms, found 1 plugins.
Preloading 0 native plugins for Editor in 0.00 ms.
Unloading 3990 Unused Serialized files (Serialized files now loaded: 0)
System memory in use before: 172.3 MB.
System memory in use after: 172.5 MB.

Unloading 18 unused Assets to reduce memory usage. Loaded Objects now: 4633.
Total: 6.174400 ms (FindLiveObjects: 1.021900 ms CreateObjectMapping: 0.193600 ms MarkObjects: 4.919100 ms  DeleteObjects: 0.038200 ms)

========================================================================
Received Prepare
Shader 'Universal Render Pipeline/Particles/Lit': fallback shader 'Universal Render Pipeline/Particles/SimpleLit' not found
Refreshing native plugins compatible for Editor in 3.18 ms, found 1 plugins.
Preloading 0 native plugins for Editor in 0.00 ms.
Unloading 16 Unused Serialized files (Serialized files now loaded: 0)
System memory in use before: 93.8 MB.
System memory in use after: 94.0 MB.

Unloading 15 unused Assets to reduce memory usage. Loaded Objects now: 4633.
Total: 3.770000 ms (FindLiveObjects: 0.475000 ms CreateObjectMapping: 0.123600 ms MarkObjects: 3.147200 ms  DeleteObjects: 0.022700 ms)

AssetImportWorkerClient::OnTransportError - code=2 error=End of file
